2024-12-24 12:23:34 [TestNG-test-Cucumber UI Automation Test-1] INFO pages.HomePage Initializing HomePage with default WebDriver settings. 
2024-12-24 12:23:34 [TestNG-test-Cucumber UI Automation Test-1] INFO stepDefinitions.Hooks Initializing Test for Scenario: Verify user able to land on the Home page successfully 
2024-12-24 12:23:34 [TestNG-test-Cucumber UI Automation Test-1] INFO stepDefinitions.Hooks Initializing WebDriver for: chrome 
2024-12-24 12:23:34 [TestNG-test-Cucumber UI Automation Test-1] INFO pages.HomePage Launching Browser for CHROME 
2024-12-24 12:23:36 [TestNG-test-Cucumber UI Automation Test-1] INFO pages.HomePage Navigating to website using browser: CHROME in headless mode: true 
2024-12-24 12:23:36 [TestNG-test-Cucumber UI Automation Test-1] INFO pages.HomePage Visiting the website..https://www.automationpractice.pl 
2024-12-24 12:23:49 [TestNG-test-Cucumber UI Automation Test-1] INFO stepDefinitions.Hooks HomePage initialized successfully. 
2024-12-24 12:23:49 [TestNG-test-Cucumber UI Automation Test-1] INFO pages.HomePage Initializing HomePage with default WebDriver settings. 
2024-12-24 12:23:49 [TestNG-test-Cucumber UI Automation Test-1] INFO pages.HomePage Verifying the home page title. 
2024-12-24 12:23:49 [TestNG-test-Cucumber UI Automation Test-1] INFO pages.HomePage Expected Title: My Shop, Actual Title: My Shop 
2024-12-24 12:23:49 [TestNG-test-Cucumber UI Automation Test-1] INFO pages.HomePage Home Page title verification successful. 
2024-12-24 12:23:49 [TestNG-test-Cucumber UI Automation Test-1] INFO stepDefinitions.Hooks Completed Step: Verify user able to land on the Home page successfully 
2024-12-24 12:23:51 [TestNG-test-Cucumber UI Automation Test-1] INFO pages.HomePage Verifying the presence of the following elements on the home page: [Home Page Logo, View My Cart, Search Text Box, Login Link, Contact Us Link] 
2024-12-24 12:23:51 [TestNG-test-Cucumber UI Automation Test-1] INFO pages.HomePage Checking if 'Home Page Logo' is displayed. 
2024-12-24 12:23:51 [TestNG-test-Cucumber UI Automation Test-1] INFO pages.HomePage Checking if element is present: By.xpath: //img[@alt='My Shop'] 
2024-12-24 12:23:51 [TestNG-test-Cucumber UI Automation Test-1] INFO pages.HomePage 'Home Page Logo' is present. 
2024-12-24 12:23:51 [TestNG-test-Cucumber UI Automation Test-1] INFO pages.HomePage Checking if 'View My Cart' is displayed. 
2024-12-24 12:23:51 [TestNG-test-Cucumber UI Automation Test-1] INFO pages.HomePage Checking if element is present: By.xpath: //a[@title='View my shopping cart'] 
2024-12-24 12:23:51 [TestNG-test-Cucumber UI Automation Test-1] INFO pages.HomePage 'View My Cart' is present. 
2024-12-24 12:23:51 [TestNG-test-Cucumber UI Automation Test-1] INFO pages.HomePage Checking if 'Search Text Box' is displayed. 
2024-12-24 12:23:51 [TestNG-test-Cucumber UI Automation Test-1] INFO pages.HomePage Checking if element is present: By.xpath: //input[@id='search_query_top'] 
2024-12-24 12:23:51 [TestNG-test-Cucumber UI Automation Test-1] INFO pages.HomePage 'Search Text Box' is present. 
2024-12-24 12:23:51 [TestNG-test-Cucumber UI Automation Test-1] INFO pages.HomePage Checking if 'Login Link' is displayed. 
2024-12-24 12:23:51 [TestNG-test-Cucumber UI Automation Test-1] INFO pages.HomePage Checking if element is present: By.xpath: //a[@title='Log in to your customer account'] 
2024-12-24 12:23:51 [TestNG-test-Cucumber UI Automation Test-1] INFO pages.HomePage 'Login Link' is present. 
2024-12-24 12:23:51 [TestNG-test-Cucumber UI Automation Test-1] INFO pages.HomePage Checking if 'Contact Us Link' is displayed. 
2024-12-24 12:23:51 [TestNG-test-Cucumber UI Automation Test-1] INFO pages.HomePage Checking if element is present: By.xpath: //a[@title='Contact us'] 
2024-12-24 12:23:51 [TestNG-test-Cucumber UI Automation Test-1] INFO pages.HomePage 'Contact Us Link' is present. 
2024-12-24 12:23:51 [TestNG-test-Cucumber UI Automation Test-1] INFO stepDefinitions.Hooks Completed Step: Verify user able to land on the Home page successfully 
2024-12-24 12:23:52 [TestNG-test-Cucumber UI Automation Test-1] INFO pages.HomePage Navigating to the Login Page by clicking on the 'Sign In' link. 
2024-12-24 12:23:52 [TestNG-test-Cucumber UI Automation Test-1] INFO pages.HomePage Finding element with the locatorBy.xpath: //a[contains(text(), 'Sign in')] 
2024-12-24 12:23:52 [TestNG-test-Cucumber UI Automation Test-1] INFO pages.HomePage Element found and performing the click 
2024-12-24 12:23:53 [TestNG-test-Cucumber UI Automation Test-1] INFO pages.HomePage Navigation to Login Page successful. 
2024-12-24 12:23:53 [TestNG-test-Cucumber UI Automation Test-1] INFO stepDefinitions.Hooks Completed Step: Verify user able to land on the Home page successfully 
2024-12-24 12:23:53 [TestNG-test-Cucumber UI Automation Test-1] INFO stepDefinitions.Hooks Scenario passed: Verify user able to land on the Home page successfully 
2024-12-24 12:23:53 [TestNG-test-Cucumber UI Automation Test-1] INFO stepDefinitions.Hooks Test teardown complete for Scenario: Verify user able to land on the Home page successfully 
2024-12-24 12:23:54 [TestNG-test-Cucumber UI Automation Test-1] INFO pages.HomePage Initializing HomePage with default WebDriver settings. 
2024-12-24 12:23:54 [TestNG-test-Cucumber UI Automation Test-1] INFO stepDefinitions.Hooks Initializing Test for Scenario: Verify user log in with valid credentials 
2024-12-24 12:23:54 [TestNG-test-Cucumber UI Automation Test-1] INFO stepDefinitions.Hooks Initializing WebDriver for: chrome 
2024-12-24 12:23:54 [TestNG-test-Cucumber UI Automation Test-1] INFO pages.HomePage Launching Browser for CHROME 
2024-12-24 12:23:56 [TestNG-test-Cucumber UI Automation Test-1] INFO pages.HomePage Navigating to website using browser: CHROME in headless mode: true 
2024-12-24 12:23:56 [TestNG-test-Cucumber UI Automation Test-1] INFO pages.HomePage Visiting the website..https://www.automationpractice.pl 
2024-12-24 12:24:02 [TestNG-test-Cucumber UI Automation Test-1] INFO stepDefinitions.Hooks HomePage initialized successfully. 
2024-12-24 12:24:02 [TestNG-test-Cucumber UI Automation Test-1] INFO pages.HomePage Initializing HomePage with default WebDriver settings. 
2024-12-24 12:24:02 [TestNG-test-Cucumber UI Automation Test-1] INFO pages.HomePage Verifying the home page title. 
2024-12-24 12:24:02 [TestNG-test-Cucumber UI Automation Test-1] INFO pages.HomePage Expected Title: My Shop, Actual Title: My Shop 
2024-12-24 12:24:02 [TestNG-test-Cucumber UI Automation Test-1] INFO pages.HomePage Home Page title verification successful. 
2024-12-24 12:24:02 [TestNG-test-Cucumber UI Automation Test-1] INFO stepDefinitions.Hooks Completed Step: Verify user log in with valid credentials 
2024-12-24 12:24:04 [TestNG-test-Cucumber UI Automation Test-1] INFO pages.HomePage Navigating to the Login Page by clicking on the 'Sign In' link. 
2024-12-24 12:24:04 [TestNG-test-Cucumber UI Automation Test-1] INFO pages.HomePage Finding element with the locatorBy.xpath: //a[contains(text(), 'Sign in')] 
2024-12-24 12:24:04 [TestNG-test-Cucumber UI Automation Test-1] INFO pages.HomePage Element found and performing the click 
2024-12-24 12:24:05 [TestNG-test-Cucumber UI Automation Test-1] INFO pages.HomePage Navigation to Login Page successful. 
2024-12-24 12:24:05 [TestNG-test-Cucumber UI Automation Test-1] INFO stepDefinitions.Hooks Completed Step: Verify user log in with valid credentials 
2024-12-24 12:24:05 [TestNG-test-Cucumber UI Automation Test-1] INFO pages.LoginPage Verifying the Login Page title. Expected: Login - My Shop, Actual: Login - My Shop 
2024-12-24 12:24:05 [TestNG-test-Cucumber UI Automation Test-1] INFO pages.LoginPage Login Page is displayed correctly. 
2024-12-24 12:24:05 [TestNG-test-Cucumber UI Automation Test-1] INFO stepDefinitions.Hooks Completed Step: Verify user log in with valid credentials 
2024-12-24 12:24:05 [TestNG-test-Cucumber UI Automation Test-1] INFO pages.LoginPage Entering email address: bajoy99768@inikale.com 
2024-12-24 12:24:05 [TestNG-test-Cucumber UI Automation Test-1] INFO pages.LoginPage Finding element with the locatorBy.xpath: //input[@id='email'] 
2024-12-24 12:24:05 [TestNG-test-Cucumber UI Automation Test-1] INFO pages.LoginPage Element found and now enter textbajoy99768@inikale.com 
2024-12-24 12:24:06 [TestNG-test-Cucumber UI Automation Test-1] INFO pages.LoginPage Entering password. 
2024-12-24 12:24:06 [TestNG-test-Cucumber UI Automation Test-1] INFO pages.LoginPage Finding element with the locatorBy.xpath: //input[@id='passwd'] 
2024-12-24 12:24:06 [TestNG-test-Cucumber UI Automation Test-1] INFO pages.LoginPage Element found and now enter textPass123 
2024-12-24 12:24:06 [TestNG-test-Cucumber UI Automation Test-1] INFO stepDefinitions.Hooks Completed Step: Verify user log in with valid credentials 
2024-12-24 12:24:06 [TestNG-test-Cucumber UI Automation Test-1] INFO pages.LoginPage Clicking on the Sign In button. 
2024-12-24 12:24:06 [TestNG-test-Cucumber UI Automation Test-1] INFO pages.LoginPage Finding element with the locatorBy.xpath: //button[@id='SubmitLogin'] 
2024-12-24 12:24:06 [TestNG-test-Cucumber UI Automation Test-1] INFO pages.LoginPage Element found and performing the click 
2024-12-24 12:24:07 [TestNG-test-Cucumber UI Automation Test-1] INFO stepDefinitions.Hooks Completed Step: Verify user log in with valid credentials 
2024-12-24 12:24:07 [TestNG-test-Cucumber UI Automation Test-1] INFO stepDefinitions.Hooks Scenario passed: Verify user log in with valid credentials 
2024-12-24 12:24:08 [TestNG-test-Cucumber UI Automation Test-1] INFO stepDefinitions.Hooks Test teardown complete for Scenario: Verify user log in with valid credentials 
2024-12-24 12:24:08 [TestNG-test-Cucumber UI Automation Test-1] INFO pages.HomePage Initializing HomePage with default WebDriver settings. 
2024-12-24 12:24:08 [TestNG-test-Cucumber UI Automation Test-1] INFO stepDefinitions.Hooks Initializing Test for Scenario: Verify user cannot log in with invalid credentials 
2024-12-24 12:24:08 [TestNG-test-Cucumber UI Automation Test-1] INFO stepDefinitions.Hooks Initializing WebDriver for: chrome 
2024-12-24 12:24:08 [TestNG-test-Cucumber UI Automation Test-1] INFO pages.HomePage Launching Browser for CHROME 
2024-12-24 12:24:11 [TestNG-test-Cucumber UI Automation Test-1] INFO pages.HomePage Navigating to website using browser: CHROME in headless mode: true 
2024-12-24 12:24:11 [TestNG-test-Cucumber UI Automation Test-1] INFO pages.HomePage Visiting the website..https://www.automationpractice.pl 
2024-12-24 12:24:15 [TestNG-test-Cucumber UI Automation Test-1] INFO stepDefinitions.Hooks HomePage initialized successfully. 
2024-12-24 12:24:15 [TestNG-test-Cucumber UI Automation Test-1] INFO pages.HomePage Initializing HomePage with default WebDriver settings. 
2024-12-24 12:24:15 [TestNG-test-Cucumber UI Automation Test-1] INFO pages.HomePage Verifying the home page title. 
2024-12-24 12:24:15 [TestNG-test-Cucumber UI Automation Test-1] INFO pages.HomePage Expected Title: My Shop, Actual Title: My Shop 
2024-12-24 12:24:15 [TestNG-test-Cucumber UI Automation Test-1] INFO pages.HomePage Home Page title verification successful. 
2024-12-24 12:24:15 [TestNG-test-Cucumber UI Automation Test-1] INFO stepDefinitions.Hooks Completed Step: Verify user cannot log in with invalid credentials 
2024-12-24 12:24:16 [TestNG-test-Cucumber UI Automation Test-1] INFO pages.HomePage Navigating to the Login Page by clicking on the 'Sign In' link. 
2024-12-24 12:24:16 [TestNG-test-Cucumber UI Automation Test-1] INFO pages.HomePage Finding element with the locatorBy.xpath: //a[contains(text(), 'Sign in')] 
2024-12-24 12:24:16 [TestNG-test-Cucumber UI Automation Test-1] INFO pages.HomePage Element found and performing the click 
2024-12-24 12:24:18 [TestNG-test-Cucumber UI Automation Test-1] INFO pages.HomePage Navigation to Login Page successful. 
2024-12-24 12:24:18 [TestNG-test-Cucumber UI Automation Test-1] INFO stepDefinitions.Hooks Completed Step: Verify user cannot log in with invalid credentials 
2024-12-24 12:24:18 [TestNG-test-Cucumber UI Automation Test-1] INFO pages.LoginPage Verifying the Login Page title. Expected: Login - My Shop, Actual: Login - My Shop 
2024-12-24 12:24:18 [TestNG-test-Cucumber UI Automation Test-1] INFO pages.LoginPage Login Page is displayed correctly. 
2024-12-24 12:24:18 [TestNG-test-Cucumber UI Automation Test-1] INFO stepDefinitions.Hooks Completed Step: Verify user cannot log in with invalid credentials 
2024-12-24 12:24:18 [TestNG-test-Cucumber UI Automation Test-1] INFO pages.LoginPage Entering email address: anotheruser@domain.com 
2024-12-24 12:24:18 [TestNG-test-Cucumber UI Automation Test-1] INFO pages.LoginPage Finding element with the locatorBy.xpath: //input[@id='email'] 
2024-12-24 12:24:18 [TestNG-test-Cucumber UI Automation Test-1] INFO pages.LoginPage Element found and now enter textanotheruser@domain.com 
2024-12-24 12:24:19 [TestNG-test-Cucumber UI Automation Test-1] INFO pages.LoginPage Entering password. 
2024-12-24 12:24:19 [TestNG-test-Cucumber UI Automation Test-1] INFO pages.LoginPage Finding element with the locatorBy.xpath: //input[@id='passwd'] 
2024-12-24 12:24:19 [TestNG-test-Cucumber UI Automation Test-1] INFO pages.LoginPage Element found and now enter textSecret45 
2024-12-24 12:24:19 [TestNG-test-Cucumber UI Automation Test-1] INFO stepDefinitions.Hooks Completed Step: Verify user cannot log in with invalid credentials 
2024-12-24 12:24:19 [TestNG-test-Cucumber UI Automation Test-1] INFO pages.LoginPage Clicking on the Sign In button. 
2024-12-24 12:24:19 [TestNG-test-Cucumber UI Automation Test-1] INFO pages.LoginPage Finding element with the locatorBy.xpath: //button[@id='SubmitLogin'] 
2024-12-24 12:24:19 [TestNG-test-Cucumber UI Automation Test-1] INFO pages.LoginPage Element found and performing the click 
2024-12-24 12:24:19 [TestNG-test-Cucumber UI Automation Test-1] INFO stepDefinitions.Hooks Completed Step: Verify user cannot log in with invalid credentials 
2024-12-24 12:24:20 [TestNG-test-Cucumber UI Automation Test-1] INFO pages.LoginPage Retrieving the error message from the page. 
2024-12-24 12:24:20 [TestNG-test-Cucumber UI Automation Test-1] INFO pages.LoginPage Finding element with the locatorBy.xpath: //div[contains(@class,'alert-danger')]/ol/li 
2024-12-24 12:24:20 [TestNG-test-Cucumber UI Automation Test-1] INFO pages.LoginPage Element found and returning the visible testAuthentication failed. 
2024-12-24 12:24:20 [TestNG-test-Cucumber UI Automation Test-1] ERROR pages.LoginPage Error Message: Authentication failed. 
2024-12-24 12:24:20 [TestNG-test-Cucumber UI Automation Test-1] INFO stepDefinitions.Hooks Completed Step: Verify user cannot log in with invalid credentials 
2024-12-24 12:24:20 [TestNG-test-Cucumber UI Automation Test-1] INFO stepDefinitions.Hooks Scenario passed: Verify user cannot log in with invalid credentials 
2024-12-24 12:24:20 [TestNG-test-Cucumber UI Automation Test-1] INFO stepDefinitions.Hooks Test teardown complete for Scenario: Verify user cannot log in with invalid credentials 
2024-12-24 12:24:20 [TestNG-test-Cucumber UI Automation Test-1] INFO pages.HomePage Initializing HomePage with default WebDriver settings. 
2024-12-24 12:24:20 [TestNG-test-Cucumber UI Automation Test-1] INFO stepDefinitions.Hooks Initializing Test for Scenario: Verify user see username on My Account Page 
2024-12-24 12:24:20 [TestNG-test-Cucumber UI Automation Test-1] INFO stepDefinitions.Hooks Initializing WebDriver for: chrome 
2024-12-24 12:24:20 [TestNG-test-Cucumber UI Automation Test-1] INFO pages.HomePage Launching Browser for CHROME 
2024-12-24 12:24:22 [TestNG-test-Cucumber UI Automation Test-1] INFO pages.HomePage Navigating to website using browser: CHROME in headless mode: true 
2024-12-24 12:24:22 [TestNG-test-Cucumber UI Automation Test-1] INFO pages.HomePage Visiting the website..https://www.automationpractice.pl 
2024-12-24 12:24:27 [TestNG-test-Cucumber UI Automation Test-1] INFO stepDefinitions.Hooks HomePage initialized successfully. 
2024-12-24 12:24:27 [TestNG-test-Cucumber UI Automation Test-1] INFO pages.HomePage Initializing HomePage with default WebDriver settings. 
2024-12-24 12:24:27 [TestNG-test-Cucumber UI Automation Test-1] INFO pages.HomePage Verifying the home page title. 
2024-12-24 12:24:27 [TestNG-test-Cucumber UI Automation Test-1] INFO pages.HomePage Expected Title: My Shop, Actual Title: My Shop 
2024-12-24 12:24:27 [TestNG-test-Cucumber UI Automation Test-1] INFO pages.HomePage Home Page title verification successful. 
2024-12-24 12:24:27 [TestNG-test-Cucumber UI Automation Test-1] INFO stepDefinitions.Hooks Completed Step: Verify user see username on My Account Page 
2024-12-24 12:24:28 [TestNG-test-Cucumber UI Automation Test-1] INFO pages.HomePage Navigating to the Login Page by clicking on the 'Sign In' link. 
2024-12-24 12:24:28 [TestNG-test-Cucumber UI Automation Test-1] INFO pages.HomePage Finding element with the locatorBy.xpath: //a[contains(text(), 'Sign in')] 
2024-12-24 12:24:28 [TestNG-test-Cucumber UI Automation Test-1] INFO pages.HomePage Element found and performing the click 
2024-12-24 12:24:30 [TestNG-test-Cucumber UI Automation Test-1] INFO pages.HomePage Navigation to Login Page successful. 
2024-12-24 12:24:30 [TestNG-test-Cucumber UI Automation Test-1] INFO stepDefinitions.Hooks Completed Step: Verify user see username on My Account Page 
2024-12-24 12:24:30 [TestNG-test-Cucumber UI Automation Test-1] INFO pages.LoginPage Verifying the Login Page title. Expected: Login - My Shop, Actual: Login - My Shop 
2024-12-24 12:24:30 [TestNG-test-Cucumber UI Automation Test-1] INFO pages.LoginPage Login Page is displayed correctly. 
2024-12-24 12:24:30 [TestNG-test-Cucumber UI Automation Test-1] INFO stepDefinitions.Hooks Completed Step: Verify user see username on My Account Page 
2024-12-24 12:24:30 [TestNG-test-Cucumber UI Automation Test-1] INFO pages.LoginPage Entering email address: bajoy99768@inikale.com 
2024-12-24 12:24:30 [TestNG-test-Cucumber UI Automation Test-1] INFO pages.LoginPage Finding element with the locatorBy.xpath: //input[@id='email'] 
2024-12-24 12:24:30 [TestNG-test-Cucumber UI Automation Test-1] INFO pages.LoginPage Element found and now enter textbajoy99768@inikale.com 
2024-12-24 12:24:31 [TestNG-test-Cucumber UI Automation Test-1] INFO pages.LoginPage Entering password. 
2024-12-24 12:24:31 [TestNG-test-Cucumber UI Automation Test-1] INFO pages.LoginPage Finding element with the locatorBy.xpath: //input[@id='passwd'] 
2024-12-24 12:24:31 [TestNG-test-Cucumber UI Automation Test-1] INFO pages.LoginPage Element found and now enter textPass123 
2024-12-24 12:24:31 [TestNG-test-Cucumber UI Automation Test-1] INFO stepDefinitions.Hooks Completed Step: Verify user see username on My Account Page 
2024-12-24 12:24:31 [TestNG-test-Cucumber UI Automation Test-1] INFO pages.LoginPage Clicking on the Sign In button. 
2024-12-24 12:24:31 [TestNG-test-Cucumber UI Automation Test-1] INFO pages.LoginPage Finding element with the locatorBy.xpath: //button[@id='SubmitLogin'] 
2024-12-24 12:24:31 [TestNG-test-Cucumber UI Automation Test-1] INFO pages.LoginPage Element found and performing the click 
2024-12-24 12:24:32 [TestNG-test-Cucumber UI Automation Test-1] INFO stepDefinitions.Hooks Completed Step: Verify user see username on My Account Page 
2024-12-24 12:24:32 [TestNG-test-Cucumber UI Automation Test-1] INFO pages.MyAccountPage Checking if the user name is displayed on the My Account page. 
2024-12-24 12:24:32 [TestNG-test-Cucumber UI Automation Test-1] INFO pages.MyAccountPage Checking if element is present: By.xpath: //a[@title="View my customer account"]/span 
2024-12-24 12:24:32 [TestNG-test-Cucumber UI Automation Test-1] INFO pages.MyAccountPage User name is displayed successfully. 
2024-12-24 12:24:32 [TestNG-test-Cucumber UI Automation Test-1] INFO stepDefinitions.Hooks Completed Step: Verify user see username on My Account Page 
2024-12-24 12:24:33 [TestNG-test-Cucumber UI Automation Test-1] INFO stepDefinitions.Hooks Scenario passed: Verify user see username on My Account Page 
2024-12-24 12:24:33 [TestNG-test-Cucumber UI Automation Test-1] INFO stepDefinitions.Hooks Test teardown complete for Scenario: Verify user see username on My Account Page 
